0 info it worked if it ends with ok
1 verbose cli [ '/usr/bin/nodejs',
1 verbose cli   '/usr/bin/npm',
1 verbose cli   'install',
1 verbose cli   '--save',
1 verbose cli   'react',
1 verbose cli   'react-dom' ]
2 info using npm@3.5.2
3 info using node@v4.7.2
4 silly loadCurrentTree Starting
5 silly install loadCurrentTree
6 silly install readLocalPackageData
7 silly fetchPackageMetaData react
8 silly fetchPackageMetaData react-dom
9 silly fetchNamedPackageData react
10 silly mapToRegistry name react
11 silly mapToRegistry using default registry
12 silly mapToRegistry registry https://registry.npmjs.org/
13 silly mapToRegistry uri https://registry.npmjs.org/react
14 silly fetchNamedPackageData react-dom
15 silly mapToRegistry name react-dom
16 silly mapToRegistry using default registry
17 silly mapToRegistry registry https://registry.npmjs.org/
18 silly mapToRegistry uri https://registry.npmjs.org/react-dom
19 verbose request uri https://registry.npmjs.org/react
20 verbose request no auth needed
21 info attempt registry request try #1 at 22:48:05
22 verbose request id 14334ea2d5135f15
23 http request GET https://registry.npmjs.org/react
24 verbose request uri https://registry.npmjs.org/react-dom
25 verbose request no auth needed
26 info attempt registry request try #1 at 22:48:05
27 http request GET https://registry.npmjs.org/react-dom
28 http 200 https://registry.npmjs.org/react-dom
29 verbose headers { server: 'nginx/1.10.1',
29 verbose headers   'content-type': 'application/json',
29 verbose headers   'last-modified': 'Tue, 15 Aug 2017 16:56:28 GMT',
29 verbose headers   etag: 'W/"599327bc-1cb63"',
29 verbose headers   'content-encoding': 'gzip',
29 verbose headers   'cache-control': 'max-age=300',
29 verbose headers   'content-length': '11065',
29 verbose headers   'accept-ranges': 'bytes',
29 verbose headers   date: 'Tue, 15 Aug 2017 21:48:05 GMT',
29 verbose headers   via: '1.1 varnish',
29 verbose headers   age: '111',
29 verbose headers   connection: 'keep-alive',
29 verbose headers   'x-served-by': 'cache-lcy1147-LCY',
29 verbose headers   'x-cache': 'HIT',
29 verbose headers   'x-cache-hits': '1',
29 verbose headers   'x-timer': 'S1502833686.794235,VS0,VE1',
29 verbose headers   vary: 'Accept-Encoding, Accept' }
30 silly get cb [ 200,
30 silly get   { server: 'nginx/1.10.1',
30 silly get     'content-type': 'application/json',
30 silly get     'last-modified': 'Tue, 15 Aug 2017 16:56:28 GMT',
30 silly get     etag: 'W/"599327bc-1cb63"',
30 silly get     'content-encoding': 'gzip',
30 silly get     'cache-control': 'max-age=300',
30 silly get     'content-length': '11065',
30 silly get     'accept-ranges': 'bytes',
30 silly get     date: 'Tue, 15 Aug 2017 21:48:05 GMT',
30 silly get     via: '1.1 varnish',
30 silly get     age: '111',
30 silly get     connection: 'keep-alive',
30 silly get     'x-served-by': 'cache-lcy1147-LCY',
30 silly get     'x-cache': 'HIT',
30 silly get     'x-cache-hits': '1',
30 silly get     'x-timer': 'S1502833686.794235,VS0,VE1',
30 silly get     vary: 'Accept-Encoding, Accept' } ]
31 verbose get saving react-dom to /home/dave/.npm/registry.npmjs.org/react-dom/.cache.json
32 http 200 https://registry.npmjs.org/react
33 verbose headers { server: 'nginx/1.10.1',
33 verbose headers   'content-type': 'application/json',
33 verbose headers   'last-modified': 'Tue, 15 Aug 2017 16:56:34 GMT',
33 verbose headers   etag: 'W/"599327c2-2e466"',
33 verbose headers   'content-encoding': 'gzip',
33 verbose headers   'cache-control': 'max-age=300',
33 verbose headers   'content-length': '17894',
33 verbose headers   'accept-ranges': 'bytes',
33 verbose headers   date: 'Tue, 15 Aug 2017 21:48:05 GMT',
33 verbose headers   via: '1.1 varnish',
33 verbose headers   age: '10',
33 verbose headers   connection: 'keep-alive',
33 verbose headers   'x-served-by': 'cache-lcy1142-LCY',
33 verbose headers   'x-cache': 'HIT',
33 verbose headers   'x-cache-hits': '1',
33 verbose headers   'x-timer': 'S1502833686.795420,VS0,VE13',
33 verbose headers   vary: 'Accept-Encoding, Accept' }
34 silly get cb [ 200,
34 silly get   { server: 'nginx/1.10.1',
34 silly get     'content-type': 'application/json',
34 silly get     'last-modified': 'Tue, 15 Aug 2017 16:56:34 GMT',
34 silly get     etag: 'W/"599327c2-2e466"',
34 silly get     'content-encoding': 'gzip',
34 silly get     'cache-control': 'max-age=300',
34 silly get     'content-length': '17894',
34 silly get     'accept-ranges': 'bytes',
34 silly get     date: 'Tue, 15 Aug 2017 21:48:05 GMT',
34 silly get     via: '1.1 varnish',
34 silly get     age: '10',
34 silly get     connection: 'keep-alive',
34 silly get     'x-served-by': 'cache-lcy1142-LCY',
34 silly get     'x-cache': 'HIT',
34 silly get     'x-cache-hits': '1',
34 silly get     'x-timer': 'S1502833686.795420,VS0,VE13',
34 silly get     vary: 'Accept-Encoding, Accept' } ]
35 verbose get saving react to /home/dave/.npm/registry.npmjs.org/react/.cache.json
36 silly install normalizeTree
37 silly loadCurrentTree Finishing
38 silly loadIdealTree Starting
39 silly install loadIdealTree
40 silly cloneCurrentTree Starting
41 silly install cloneCurrentTreeToIdealTree
42 silly cloneCurrentTree Finishing
43 silly loadShrinkwrap Starting
44 silly install loadShrinkwrap
45 silly loadShrinkwrap Finishing
46 silly loadAllDepsIntoIdealTree Starting
47 silly install loadAllDepsIntoIdealTree
48 silly rollbackFailedOptional Starting
49 silly rollbackFailedOptional Finishing
50 silly runTopLevelLifecycles Starting
51 silly runTopLevelLifecycles Finishing
52 silly install printInstalled
53 verbose stack Error: Refusing to install react as a dependency of itself
53 verbose stack     at checkSelf (/usr/share/npm/lib/install/validate-args.js:40:14)
53 verbose stack     at Array.<anonymous> (/usr/share/npm/node_modules/slide/lib/bind-actor.js:15:8)
53 verbose stack     at LOOP (/usr/share/npm/node_modules/slide/lib/chain.js:15:14)
53 verbose stack     at chain (/usr/share/npm/node_modules/slide/lib/chain.js:20:5)
53 verbose stack     at /usr/share/npm/lib/install/validate-args.js:15:5
53 verbose stack     at /usr/share/npm/node_modules/slide/lib/async-map.js:52:35
53 verbose stack     at Array.forEach (native)
53 verbose stack     at /usr/share/npm/node_modules/slide/lib/async-map.js:52:11
53 verbose stack     at Array.forEach (native)
53 verbose stack     at asyncMap (/usr/share/npm/node_modules/slide/lib/async-map.js:51:8)
54 verbose cwd /home/dave/Workspaces/react
55 error Linux 4.10.0-28-generic
56 error argv "/usr/bin/nodejs" "/usr/bin/npm" "install" "--save" "react" "react-dom"
57 error node v4.7.2
58 error npm  v3.5.2
59 error code ENOSELF
60 error Refusing to install react as a dependency of itself
61 error If you need help, you may report this error at:
61 error     <https://github.com/npm/npm/issues>
62 verbose exit [ 1, true ]
